2016-05-04 11:51:03,985 DEBUG [com.sugon.cloudview.cloudmanager.vijava.base.CloudviewExecutorImpl:55] >>>>>>>>>>>>>>>>>>>>>>>>>>>>>>
2016-05-04 11:51:03,987 DEBUG [com.sugon.cloudview.cloudmanager.vijava.base.CloudviewExecutorImpl:56] ConnectCloudVMCmd [ip=10.0.33.71, username=administrator]
2016-05-04 11:51:05,692 DEBUG [com.sugon.cloudview.cloudmanager.vijava.util.LoadSystemPropertyJYaml:118] delete all connection info: null
2016-05-04 11:51:05,703 DEBUG [com.sugon.cloudview.cloudmanager.vijava.util.LoadSystemPropertyJYaml:112] add connection info: CloudVMConfig [configDate=04/05/2016, vcenterInfo=[Lcom.sugon.cloudview.cloudmanager.vijava.util.CloudVMConfig$ConnectionInfo;@6689bf04]
2016-05-04 11:51:06,537 DEBUG [com.sugon.cloudview.cloudmanager.vijava.base.CloudviewExecutorImpl:58] <<<<<<<<<<<<<<<<<<<<<<<<<<<<<<
2016-05-04 11:51:06,539 DEBUG [com.sugon.cloudview.cloudmanager.vijava.base.CloudviewExecutorImpl:59] ConnectCloudVMAnswer [sucess=true, version=VMware vSphere 6 Enterprise Plus, token=4ea482d0-82a1-47fe-8f49-32e4a988504d]
2016-05-04 11:52:00,128 DEBUG [com.sugon.cloudview.cloudmanager.vijava.base.CloudviewExecutorImpl:55] >>>>>>>>>>>>>>>>>>>>>>>>>>>>>>
2016-05-04 11:52:00,129 DEBUG [com.sugon.cloudview.cloudmanager.vijava.base.CloudviewExecutorImpl:56] QueryTaskCmd [vmId=null, user=null, lastMonth=null, startTime=null, endTime=null, taskId=null, taskIds={task-832=Wed May 04 11:50:22 CST 2016}, taskIdList=null, taskInfoState=null]
2016-05-04 11:52:00,366 INFO [com.sugon.cloudview.cloudmanager.vijava.environment.QueryTaskTask:265] progressing....42
2016-05-04 11:52:00,536 INFO [com.sugon.cloudview.cloudmanager.vijava.environment.QueryTaskTask:132] QueryTaskAnswer [success=true, lsTaskInfo=[QueriedTaskInfo [name=VirtualMachine.clone, taskId=task-832, entity=目前最好用模板,entityId=vm-156, reason=User : VSPHERE.LOCAL\Administrator, createTime=Wed May 04 11:50:22 CST 2016, queueTime=Wed May 04 11:50:22 CST 2016, startTime=Wed May 04 11:50:22 CST 2016, completeTime=null, process=42, desc=null, status=running, detail=null]
]]
2016-05-04 11:52:00,536 DEBUG [com.sugon.cloudview.cloudmanager.vijava.base.CloudviewExecutorImpl:58] <<<<<<<<<<<<<<<<<<<<<<<<<<<<<<
2016-05-04 11:52:00,537 DEBUG [com.sugon.cloudview.cloudmanager.vijava.base.CloudviewExecutorImpl:59] QueryTaskAnswer [success=true, lsTaskInfo=[QueriedTaskInfo [name=VirtualMachine.clone, taskId=task-832, entity=目前最好用模板,entityId=vm-156, reason=User : VSPHERE.LOCAL\Administrator, createTime=Wed May 04 11:50:22 CST 2016, queueTime=Wed May 04 11:50:22 CST 2016, startTime=Wed May 04 11:50:22 CST 2016, completeTime=null, process=42, desc=null, status=running, detail=null]
]]
2016-05-04 13:21:35,478 DEBUG [com.sugon.cloudview.cloudmanager.vijava.base.CloudviewExecutorImpl:55] >>>>>>>>>>>>>>>>>>>>>>>>>>>>>>
2016-05-04 13:21:35,485 DEBUG [com.sugon.cloudview.cloudmanager.vijava.base.CloudviewExecutorImpl:56] ConnectCloudVMCmd [ip=10.0.33.71, username=administrator]
2016-05-04 13:21:37,253 DEBUG [com.sugon.cloudview.cloudmanager.vijava.util.LoadSystemPropertyJYaml:118] delete all connection info: null
2016-05-04 13:21:37,260 DEBUG [com.sugon.cloudview.cloudmanager.vijava.util.LoadSystemPropertyJYaml:112] add connection info: CloudVMConfig [configDate=04/05/2016, vcenterInfo=[Lcom.sugon.cloudview.cloudmanager.vijava.util.CloudVMConfig$ConnectionInfo;@5b0d480c]
2016-05-04 13:21:38,776 DEBUG [com.sugon.cloudview.cloudmanager.vijava.base.CloudviewExecutorImpl:58] <<<<<<<<<<<<<<<<<<<<<<<<<<<<<<
2016-05-04 13:21:38,777 DEBUG [com.sugon.cloudview.cloudmanager.vijava.base.CloudviewExecutorImpl:59] ConnectCloudVMAnswer [sucess=true, version=VMware vSphere 6 Enterprise Plus, token=4ea482d0-82a1-47fe-8f49-32e4a988504d]
2016-05-04 14:00:31,695 DEBUG [com.sugon.cloudview.cloudmanager.vijava.base.CloudviewExecutorImpl:55] >>>>>>>>>>>>>>>>>>>>>>>>>>>>>>
2016-05-04 14:00:31,711 DEBUG [com.sugon.cloudview.cloudmanager.vijava.base.CloudviewExecutorImpl:56] ConnectCloudVMCmd [ip=10.0.33.71, username=administrator]
2016-05-04 14:00:34,870 DEBUG [com.sugon.cloudview.cloudmanager.vijava.util.LoadSystemPropertyJYaml:118] delete all connection info: null
2016-05-04 14:00:34,879 DEBUG [com.sugon.cloudview.cloudmanager.vijava.util.LoadSystemPropertyJYaml:112] add connection info: CloudVMConfig [configDate=04/05/2016, vcenterInfo=[Lcom.sugon.cloudview.cloudmanager.vijava.util.CloudVMConfig$ConnectionInfo;@6e7cb01a]
2016-05-04 14:00:36,229 DEBUG [com.sugon.cloudview.cloudmanager.vijava.base.CloudviewExecutorImpl:58] <<<<<<<<<<<<<<<<<<<<<<<<<<<<<<
2016-05-04 14:00:36,233 DEBUG [com.sugon.cloudview.cloudmanager.vijava.base.CloudviewExecutorImpl:59] ConnectCloudVMAnswer [sucess=true, version=VMware vSphere 6 Enterprise Plus, token=4ea482d0-82a1-47fe-8f49-32e4a988504d]
