2016-05-16 14:29:24,795 DEBUG [com.sugon.cloudview.cloudmanager.event.impl.DirectEventController:89] DirectEventController: 127.0.0.1
2016-05-16 14:29:24,955 DEBUG [com.sugon.cloudview.cloudmanager.event.impl.TopicEventController:89] TopicEventController: 127.0.0.1
2016-05-16 14:49:16,935 DEBUG [com.sugon.cloudview.cloudmanager.event.impl.DirectEventController:89] DirectEventController: 127.0.0.1
2016-05-16 14:49:17,013 DEBUG [com.sugon.cloudview.cloudmanager.event.impl.TopicEventController:89] TopicEventController: 127.0.0.1
2016-05-16 15:06:21,350 DEBUG [com.sugon.cloudview.cloudmanager.event.impl.DirectEventController:89] DirectEventController: 127.0.0.1
2016-05-16 15:06:21,434 DEBUG [com.sugon.cloudview.cloudmanager.event.impl.TopicEventController:89] TopicEventController: 127.0.0.1
2016-05-16 15:30:08,628 INFO [com.sugon.cloudview.cloudmanager.event.vmEvent.VMEvent$EventMainThread:101] adding mthred 4ea482d0-82a1-47fe-8f49-32e4a988504d......
2016-05-16 15:30:11,654 INFO [com.sugon.cloudview.cloudmanager.event.vmEvent.VMEvent$MutliThread:144] VMEvent got vsphere connection ServiceInstance:ServiceInstance @ https://10.0.33.71/sdk 
2016-05-16 15:30:12,263 DEBUG [com.sugon.cloudview.cloudmanager.event.vmEvent.VMEvent$MutliThread:154] 
After Latest Page:
2016-05-16 15:47:00,433 DEBUG [com.sugon.cloudview.cloudmanager.event.vmEvent.VMEvent$1:249] processing event com.sugon.vim25.VmBeingDeployedEvent
2016-05-16 15:47:00,433 DEBUG [com.sugon.cloudview.cloudmanager.event.vmEvent.VMEvent$1:249] processing event com.sugon.vim25.VmReconfiguredEvent
2016-05-16 15:47:00,443 DEBUG [com.sugon.cloudview.cloudmanager.event.vmEvent.VMEvent$1:249] processing event com.sugon.vim25.VmDeployedEvent
2016-05-16 15:47:00,443 DEBUG [com.sugon.cloudview.cloudmanager.event.vmEvent.VMEvent$1:251] task result success
2016-05-16 15:47:00,443 DEBUG [com.sugon.cloudview.cloudmanager.event.vmEvent.VMEvent$1:258] send Msg:------------------------------
VmOperatorSuccess [taskId=task-1056, createdTime=Mon May 16 23:39:36 CST 2016, entityName=目前最好用模板, result=success, operatorType=CloneVM, vmId=vm-264, desc=null]
2016-05-16 15:47:01,650 ERROR [com.sugon.cloudview.cloudmanager.event.impl.TopicEventController:184] send event fail. Event Message : [VmOperatorSuccess [taskId=task-1056, createdTime=Mon May 16 23:39:36 CST 2016, entityName=目前最好用模板, result=success, operatorType=CloneVM, vmId=vm-264, desc=null]]
org.springframework.amqp.AmqpConnectException: java.net.ConnectException: Connection refused: connect
	at org.springframework.amqp.rabbit.support.RabbitExceptionTranslator.convertRabbitAccessException(RabbitExceptionTranslator.java:58) ~[spring-rabbit-1.5.3.RELEASE.jar:na]
	at org.springframework.amqp.rabbit.connection.AbstractConnectionFactory.createBareConnection(AbstractConnectionFactory.java:286) ~[spring-rabbit-1.5.3.RELEASE.jar:na]
	at org.springframework.amqp.rabbit.connection.CachingConnectionFactory.createConnection(CachingConnectionFactory.java:506) ~[spring-rabbit-1.5.3.RELEASE.jar:na]
	at org.springframework.amqp.rabbit.connection.ConnectionFactoryUtils$1.createConnection(ConnectionFactoryUtils.java:85) ~[spring-rabbit-1.5.3.RELEASE.jar:na]
	at org.springframework.amqp.rabbit.connection.ConnectionFactoryUtils.doGetTransactionalResourceHolder(ConnectionFactoryUtils.java:135) ~[spring-rabbit-1.5.3.RELEASE.jar:na]
	at org.springframework.amqp.rabbit.connection.ConnectionFactoryUtils.getTransactionalResourceHolder(ConnectionFactoryUtils.java:71) ~[spring-rabbit-1.5.3.RELEASE.jar:na]
	at org.springframework.amqp.rabbit.core.RabbitTemplate.doExecute(RabbitTemplate.java:1278) ~[spring-rabbit-1.5.3.RELEASE.jar:na]
	at org.springframework.amqp.rabbit.core.RabbitTemplate.execute(RabbitTemplate.java:1271) ~[spring-rabbit-1.5.3.RELEASE.jar:na]
	at org.springframework.amqp.rabbit.core.RabbitTemplate.send(RabbitTemplate.java:619) ~[spring-rabbit-1.5.3.RELEASE.jar:na]
	at org.springframework.amqp.rabbit.core.RabbitTemplate.convertAndSend(RabbitTemplate.java:687) ~[spring-rabbit-1.5.3.RELEASE.jar:na]
	at org.springframework.amqp.rabbit.core.RabbitTemplate.convertAndSend(RabbitTemplate.java:683) ~[spring-rabbit-1.5.3.RELEASE.jar:na]
	at com.sugon.cloudview.cloudmanager.event.impl.TopicEventController.send(TopicEventController.java:182) ~[xcloud-common-event-0.0.1-SNAPSHOT.jar:0.0.1-SNAPSHOT]
	at com.sugon.cloudview.cloudmanager.event.vmEvent.VMEvent$1.run(VMEvent.java:259) [classes/:na]
	at java.lang.Thread.run(Thread.java:745) [na:1.8.0_60]
Caused by: java.net.ConnectException: Connection refused: connect
	at java.net.DualStackPlainSocketImpl.waitForConnect(Native Method) ~[na:1.8.0_60]
	at java.net.DualStackPlainSocketImpl.socketConnect(DualStackPlainSocketImpl.java:85) ~[na:1.8.0_60]
	at java.net.AbstractPlainSocketImpl.doConnect(AbstractPlainSocketImpl.java:350) ~[na:1.8.0_60]
	at java.net.AbstractPlainSocketImpl.connectToAddress(AbstractPlainSocketImpl.java:206) ~[na:1.8.0_60]
	at java.net.AbstractPlainSocketImpl.connect(AbstractPlainSocketImpl.java:188) ~[na:1.8.0_60]
	at java.net.PlainSocketImpl.connect(PlainSocketImpl.java:172) ~[na:1.8.0_60]
	at java.net.SocksSocketImpl.connect(SocksSocketImpl.java:392) ~[na:1.8.0_60]
	at java.net.Socket.connect(Socket.java:589) ~[na:1.8.0_60]
	at com.rabbitmq.client.impl.FrameHandlerFactory.create(FrameHandlerFactory.java:32) ~[amqp-client-3.5.7.jar:na]
	at com.rabbitmq.client.ConnectionFactory.newConnection(ConnectionFactory.java:645) ~[amqp-client-3.5.7.jar:na]
	at com.rabbitmq.client.ConnectionFactory.newConnection(ConnectionFactory.java:694) ~[amqp-client-3.5.7.jar:na]
	at org.springframework.amqp.rabbit.connection.AbstractConnectionFactory.createBareConnection(AbstractConnectionFactory.java:277) ~[spring-rabbit-1.5.3.RELEASE.jar:na]
	... 12 common frames omitted
2016-05-16 15:55:50,615 DEBUG [com.sugon.cloudview.cloudmanager.event.vmEvent.VMEvent$1:249] processing event com.sugon.vim25.VmStartingEvent
2016-05-16 15:55:50,615 DEBUG [com.sugon.cloudview.cloudmanager.event.vmEvent.VMEvent$1:249] processing event com.sugon.vim25.VmPoweredOnEvent
2016-05-16 15:55:50,618 DEBUG [com.sugon.cloudview.cloudmanager.event.vmEvent.VMEvent$1:251] task result success
2016-05-16 15:55:50,618 DEBUG [com.sugon.cloudview.cloudmanager.event.vmEvent.VMEvent$1:258] send Msg:------------------------------
VmOperatorSuccess [taskId=task-1057, createdTime=Mon May 16 23:51:52 CST 2016, entityName=wchchtest, result=success, operatorType=PowerOnVM, vmId=vm-264, desc=null]
2016-05-16 15:55:51,633 ERROR [com.sugon.cloudview.cloudmanager.event.impl.TopicEventController:184] send event fail. Event Message : [VmOperatorSuccess [taskId=task-1057, createdTime=Mon May 16 23:51:52 CST 2016, entityName=wchchtest, result=success, operatorType=PowerOnVM, vmId=vm-264, desc=null]]
org.springframework.amqp.AmqpConnectException: java.net.ConnectException: Connection refused: connect
	at org.springframework.amqp.rabbit.support.RabbitExceptionTranslator.convertRabbitAccessException(RabbitExceptionTranslator.java:58) ~[spring-rabbit-1.5.3.RELEASE.jar:na]
	at org.springframework.amqp.rabbit.connection.AbstractConnectionFactory.createBareConnection(AbstractConnectionFactory.java:286) ~[spring-rabbit-1.5.3.RELEASE.jar:na]
	at org.springframework.amqp.rabbit.connection.CachingConnectionFactory.createConnection(CachingConnectionFactory.java:506) ~[spring-rabbit-1.5.3.RELEASE.jar:na]
	at org.springframework.amqp.rabbit.connection.ConnectionFactoryUtils$1.createConnection(ConnectionFactoryUtils.java:85) ~[spring-rabbit-1.5.3.RELEASE.jar:na]
	at org.springframework.amqp.rabbit.connection.ConnectionFactoryUtils.doGetTransactionalResourceHolder(ConnectionFactoryUtils.java:135) ~[spring-rabbit-1.5.3.RELEASE.jar:na]
	at org.springframework.amqp.rabbit.connection.ConnectionFactoryUtils.getTransactionalResourceHolder(ConnectionFactoryUtils.java:71) ~[spring-rabbit-1.5.3.RELEASE.jar:na]
	at org.springframework.amqp.rabbit.core.RabbitTemplate.doExecute(RabbitTemplate.java:1278) ~[spring-rabbit-1.5.3.RELEASE.jar:na]
	at org.springframework.amqp.rabbit.core.RabbitTemplate.execute(RabbitTemplate.java:1271) ~[spring-rabbit-1.5.3.RELEASE.jar:na]
	at org.springframework.amqp.rabbit.core.RabbitTemplate.send(RabbitTemplate.java:619) ~[spring-rabbit-1.5.3.RELEASE.jar:na]
	at org.springframework.amqp.rabbit.core.RabbitTemplate.convertAndSend(RabbitTemplate.java:687) ~[spring-rabbit-1.5.3.RELEASE.jar:na]
	at org.springframework.amqp.rabbit.core.RabbitTemplate.convertAndSend(RabbitTemplate.java:683) ~[spring-rabbit-1.5.3.RELEASE.jar:na]
	at com.sugon.cloudview.cloudmanager.event.impl.TopicEventController.send(TopicEventController.java:182) ~[xcloud-common-event-0.0.1-SNAPSHOT.jar:0.0.1-SNAPSHOT]
	at com.sugon.cloudview.cloudmanager.event.vmEvent.VMEvent$1.run(VMEvent.java:259) [classes/:na]
	at java.lang.Thread.run(Thread.java:745) [na:1.8.0_60]
Caused by: java.net.ConnectException: Connection refused: connect
	at java.net.DualStackPlainSocketImpl.waitForConnect(Native Method) ~[na:1.8.0_60]
	at java.net.DualStackPlainSocketImpl.socketConnect(DualStackPlainSocketImpl.java:85) ~[na:1.8.0_60]
	at java.net.AbstractPlainSocketImpl.doConnect(AbstractPlainSocketImpl.java:350) ~[na:1.8.0_60]
	at java.net.AbstractPlainSocketImpl.connectToAddress(AbstractPlainSocketImpl.java:206) ~[na:1.8.0_60]
	at java.net.AbstractPlainSocketImpl.connect(AbstractPlainSocketImpl.java:188) ~[na:1.8.0_60]
	at java.net.PlainSocketImpl.connect(PlainSocketImpl.java:172) ~[na:1.8.0_60]
	at java.net.SocksSocketImpl.connect(SocksSocketImpl.java:392) ~[na:1.8.0_60]
	at java.net.Socket.connect(Socket.java:589) ~[na:1.8.0_60]
	at com.rabbitmq.client.impl.FrameHandlerFactory.create(FrameHandlerFactory.java:32) ~[amqp-client-3.5.7.jar:na]
	at com.rabbitmq.client.ConnectionFactory.newConnection(ConnectionFactory.java:645) ~[amqp-client-3.5.7.jar:na]
	at com.rabbitmq.client.ConnectionFactory.newConnection(ConnectionFactory.java:694) ~[amqp-client-3.5.7.jar:na]
	at org.springframework.amqp.rabbit.connection.AbstractConnectionFactory.createBareConnection(AbstractConnectionFactory.java:277) ~[spring-rabbit-1.5.3.RELEASE.jar:na]
	... 12 common frames omitted
2016-05-16 16:01:57,253 ERROR [com.sugon.cloudview.cloudmanager.event.vmEvent.VMEvent$MutliThread:170] get default Instance error
2016-05-16 16:05:04,058 INFO [com.sugon.cloudview.cloudmanager.event.vmEvent.VMEvent$EventMainThread:101] adding mthred 4ea482d0-82a1-47fe-8f49-32e4a988504d......
2016-05-16 16:05:07,064 INFO [com.sugon.cloudview.cloudmanager.event.vmEvent.VMEvent$MutliThread:144] VMEvent got vsphere connection ServiceInstance:ServiceInstance @ https://10.0.33.71/sdk 
2016-05-16 16:05:07,234 DEBUG [com.sugon.cloudview.cloudmanager.event.vmEvent.VMEvent$MutliThread:154] 
After Latest Page:
2016-05-16 16:05:08,664 DEBUG [com.sugon.cloudview.cloudmanager.event.vmEvent.VMEvent$1:249] processing event com.sugon.vim25.VmStartingEvent
2016-05-16 16:05:08,664 DEBUG [com.sugon.cloudview.cloudmanager.event.vmEvent.VMEvent$1:249] processing event com.sugon.vim25.VmPoweredOnEvent
2016-05-16 16:05:08,665 DEBUG [com.sugon.cloudview.cloudmanager.event.vmEvent.VMEvent$1:251] task result success
2016-05-16 16:05:08,665 DEBUG [com.sugon.cloudview.cloudmanager.event.vmEvent.VMEvent$1:258] send Msg:------------------------------
VmOperatorSuccess [taskId=task-1057, createdTime=Mon May 16 23:51:52 CST 2016, entityName=wchchtest, result=success, operatorType=PowerOnVM, vmId=vm-264, desc=null]
2016-05-16 16:05:09,752 ERROR [com.sugon.cloudview.cloudmanager.event.impl.TopicEventController:184] send event fail. Event Message : [VmOperatorSuccess [taskId=task-1057, createdTime=Mon May 16 23:51:52 CST 2016, entityName=wchchtest, result=success, operatorType=PowerOnVM, vmId=vm-264, desc=null]]
org.springframework.amqp.AmqpConnectException: java.net.ConnectException: Connection refused: connect
	at org.springframework.amqp.rabbit.support.RabbitExceptionTranslator.convertRabbitAccessException(RabbitExceptionTranslator.java:58) ~[spring-rabbit-1.5.3.RELEASE.jar:na]
	at org.springframework.amqp.rabbit.connection.AbstractConnectionFactory.createBareConnection(AbstractConnectionFactory.java:286) ~[spring-rabbit-1.5.3.RELEASE.jar:na]
	at org.springframework.amqp.rabbit.connection.CachingConnectionFactory.createConnection(CachingConnectionFactory.java:506) ~[spring-rabbit-1.5.3.RELEASE.jar:na]
	at org.springframework.amqp.rabbit.connection.ConnectionFactoryUtils$1.createConnection(ConnectionFactoryUtils.java:85) ~[spring-rabbit-1.5.3.RELEASE.jar:na]
	at org.springframework.amqp.rabbit.connection.ConnectionFactoryUtils.doGetTransactionalResourceHolder(ConnectionFactoryUtils.java:135) ~[spring-rabbit-1.5.3.RELEASE.jar:na]
	at org.springframework.amqp.rabbit.connection.ConnectionFactoryUtils.getTransactionalResourceHolder(ConnectionFactoryUtils.java:71) ~[spring-rabbit-1.5.3.RELEASE.jar:na]
	at org.springframework.amqp.rabbit.core.RabbitTemplate.doExecute(RabbitTemplate.java:1278) ~[spring-rabbit-1.5.3.RELEASE.jar:na]
	at org.springframework.amqp.rabbit.core.RabbitTemplate.execute(RabbitTemplate.java:1271) ~[spring-rabbit-1.5.3.RELEASE.jar:na]
	at org.springframework.amqp.rabbit.core.RabbitTemplate.send(RabbitTemplate.java:619) ~[spring-rabbit-1.5.3.RELEASE.jar:na]
	at org.springframework.amqp.rabbit.core.RabbitTemplate.convertAndSend(RabbitTemplate.java:687) ~[spring-rabbit-1.5.3.RELEASE.jar:na]
	at org.springframework.amqp.rabbit.core.RabbitTemplate.convertAndSend(RabbitTemplate.java:683) ~[spring-rabbit-1.5.3.RELEASE.jar:na]
	at com.sugon.cloudview.cloudmanager.event.impl.TopicEventController.send(TopicEventController.java:182) ~[xcloud-common-event-0.0.1-SNAPSHOT.jar:0.0.1-SNAPSHOT]
	at com.sugon.cloudview.cloudmanager.event.vmEvent.VMEvent$1.run(VMEvent.java:259) [classes/:na]
	at java.lang.Thread.run(Thread.java:745) [na:1.8.0_60]
Caused by: java.net.ConnectException: Connection refused: connect
	at java.net.DualStackPlainSocketImpl.waitForConnect(Native Method) ~[na:1.8.0_60]
	at java.net.DualStackPlainSocketImpl.socketConnect(DualStackPlainSocketImpl.java:85) ~[na:1.8.0_60]
	at java.net.AbstractPlainSocketImpl.doConnect(AbstractPlainSocketImpl.java:350) ~[na:1.8.0_60]
	at java.net.AbstractPlainSocketImpl.connectToAddress(AbstractPlainSocketImpl.java:206) ~[na:1.8.0_60]
	at java.net.AbstractPlainSocketImpl.connect(AbstractPlainSocketImpl.java:188) ~[na:1.8.0_60]
	at java.net.PlainSocketImpl.connect(PlainSocketImpl.java:172) ~[na:1.8.0_60]
	at java.net.SocksSocketImpl.connect(SocksSocketImpl.java:392) ~[na:1.8.0_60]
	at java.net.Socket.connect(Socket.java:589) ~[na:1.8.0_60]
	at com.rabbitmq.client.impl.FrameHandlerFactory.create(FrameHandlerFactory.java:32) ~[amqp-client-3.5.7.jar:na]
	at com.rabbitmq.client.ConnectionFactory.newConnection(ConnectionFactory.java:645) ~[amqp-client-3.5.7.jar:na]
	at com.rabbitmq.client.ConnectionFactory.newConnection(ConnectionFactory.java:694) ~[amqp-client-3.5.7.jar:na]
	at org.springframework.amqp.rabbit.connection.AbstractConnectionFactory.createBareConnection(AbstractConnectionFactory.java:277) ~[spring-rabbit-1.5.3.RELEASE.jar:na]
	... 12 common frames omitted
